-- The C compiler identification is GNU 9.3.0
-- The CXX compiler identification is GNU 9.3.0
-- Check for working C compiler: /usr/bin/cc
-- Check for working C compiler: /usr/bin/cc -- works
-- Detecting C compiler ABI info
-- Detecting C compiler ABI info - done
-- Detecting C compile features
-- Detecting C compile features - done
-- Check for working CXX compiler: /usr/bin/c++
-- Check for working CXX compiler: /usr/bin/c++ -- works
-- Detecting CXX compiler ABI info
-- Detecting CXX compiler ABI info - done
-- Detecting CXX compile features
-- Detecting CXX compile features - done
libunitree_legged_sdk_amd64.so
/home/sun/unitree_legged_sdk/include
-- Found ament_cmake: 0.9.6 (/opt/ros/foxy/share/ament_cmake/cmake)
-- Found PythonInterp: /usr/bin/python3 (found suitable version "3.8.5", minimum required is "3") 
-- Using PYTHON_EXECUTABLE: /usr/bin/python3
-- Found geometry_msgs: 2.0.3 (/opt/ros/foxy/share/geometry_msgs/cmake)
-- Using all available rosidl_typesupport_c: rosidl_typesupport_fastrtps_c;rosidl_typesupport_introspection_c
-- Found rosidl_adapter: 1.1.0 (/opt/ros/foxy/share/rosidl_adapter/cmake)
-- Found OpenSSL: /usr/lib/x86_64-linux-gnu/libcrypto.so (found version "1.1.1f")  
-- Found FastRTPS: /opt/ros/foxy/include  
-- Using all available rosidl_typesupport_cpp: rosidl_typesupport_fastrtps_cpp;rosidl_typesupport_introspection_cpp
-- Found tf2: 0.13.5 (/opt/ros/foxy/share/tf2/cmake)
-- Found rclcpp: 2.1.0 (/opt/ros/foxy/share/rclcpp/cmake)
-- Found rmw_implementation_cmake: 1.0.1 (/opt/ros/foxy/share/rmw_implementation_cmake/cmake)
-- Using RMW implementation 'rmw_fastrtps_cpp' as default
-- Looking for pthread.h
-- Looking for pthread.h - found
-- Performing Test CMAKE_HAVE_LIBC_PTHREAD
-- Performing Test CMAKE_HAVE_LIBC_PTHREAD - Failed
-- Looking for pthread_create in pthreads
-- Looking for pthread_create in pthreads - not found
-- Looking for pthread_create in pthread
-- Looking for pthread_create in pthread - found
-- Found Threads: TRUE  
-- Found unitree_legged_msgs: 0.0.0 (/home/sun/Desktop/unitree_ros2/unitree_ros2/unitree_legged_msgs/install/unitree_legged_msgs/share/unitree_legged_msgs/cmake)
-- Configuring done
-- Generating done
-- Build files have been written to: /home/sun/Desktop/unitree_ros2/unitree_ros2/unitree_legged_real/build/unitree_legged_real
[35m[1mScanning dependencies of target send_msg[0m
[35m[1mScanning dependencies of target walk_instruction[0m
[35m[1mScanning dependencies of target walk_operator[0m
[35m[1mScanning dependencies of target walk_client[0m
[ 12%] [32mBuilding CXX object CMakeFiles/send_msg.dir/src/send_msg.cpp.o[0m
[ 25%] [32mBuilding CXX object CMakeFiles/walk_operator.dir/src/walk_operators.cpp.o[0m
[ 37%] [32mBuilding CXX object CMakeFiles/walk_client.dir/src/walk_client.cpp.o[0m
[ 50%] [32mBuilding CXX object CMakeFiles/walk_instruction.dir/src/walk_instruction.cpp.o[0m
[01m[K/home/sun/Desktop/unitree_ros2/unitree_ros2/unitree_legged_real/src/send_msg.cpp:1:10:[m[K [01;31m[Kfatal error: [m[Krclcpp/rclcpp.hpp: No such file or directory
    1 | #include [01;31m[K"rclcpp/rclcpp.hpp"[m[K
      |          [01;31m[K^~~~~~~~~~~~~~~~~~~[m[K
compilation terminated.
make[2]: *** [CMakeFiles/send_msg.dir/build.make:63: CMakeFiles/send_msg.dir/src/send_msg.cpp.o] Error 1
make[1]: *** [CMakeFiles/Makefile2:84: CMakeFiles/send_msg.dir/all] Error 2
make[1]: *** Waiting for unfinished jobs....
In file included from [01m[K/home/sun/unitree_legged_sdk/include/unitree_legged_sdk/unitree_legged_sdk.h:13[m[K,
                 from [01m[K/home/sun/Desktop/unitree_ros2/unitree_ros2/unitree_legged_real/src/walk_operators.cpp:11[m[K:
[01m[K/home/sun/unitree_legged_sdk/include/unitree_legged_sdk/lcm.h:10:10:[m[K [01;31m[Kfatal error: [m[Klcm/lcm-cpp.hpp: No such file or directory
   10 | #include [01;31m[K<lcm/lcm-cpp.hpp>[m[K
      |          [01;31m[K^~~~~~~~~~~~~~~~~[m[K
compilation terminated.
make[2]: *** [CMakeFiles/walk_operator.dir/build.make:63: CMakeFiles/walk_operator.dir/src/walk_operators.cpp.o] Error 1
make[1]: *** [CMakeFiles/Makefile2:165: CMakeFiles/walk_operator.dir/all] Error 2
In file included from [01m[K/home/sun/unitree_legged_sdk/include/unitree_legged_sdk/unitree_legged_sdk.h:13[m[K,
                 from [01m[K/home/sun/Desktop/unitree_ros2/unitree_ros2/unitree_legged_real/src/walk_instruction.cpp:12[m[K:
[01m[K/home/sun/unitree_legged_sdk/include/unitree_legged_sdk/lcm.h:10:10:[m[K [01;31m[Kfatal error: [m[Klcm/lcm-cpp.hpp: No such file or directory
   10 | #include [01;31m[K<lcm/lcm-cpp.hpp>[m[K
      |          [01;31m[K^~~~~~~~~~~~~~~~~[m[K
compilation terminated.
make[2]: *** [CMakeFiles/walk_instruction.dir/build.make:63: CMakeFiles/walk_instruction.dir/src/walk_instruction.cpp.o] Error 1
make[1]: *** [CMakeFiles/Makefile2:138: CMakeFiles/walk_instruction.dir/all] Error 2
[ 62%] [32m[1mLinking CXX executable walk_client[0m
/usr/bin/ld: cannot find -lunitree_legged_sdk_amd64
collect2: error: ld returned 1 exit status
make[2]: *** [CMakeFiles/walk_client.dir/build.make:143: walk_client] Error 1
make[1]: *** [CMakeFiles/Makefile2:111: CMakeFiles/walk_client.dir/all] Error 2
make: *** [Makefile:141: all] Error 2
