[0.021s] Invoking command in '/home/sun/Desktop/unitree_ros2/unitree_ros2/unitree_legged_real/build/unitree_legged_real': CMAKE_PREFIX_PATH=${CMAKE_PREFIX_PATH}:/home/sun/turtlebot3_ws/install/turtlebot3_teleop:/home/sun/turtlebot3_ws/install/turtlebot3_example:/home/sun/navigation2/src/install/opencv_tests:/home/sun/navigation2/src/install/nav2_gazebo_spawner:/opt/ros/foxy /usr/bin/cmake --build /home/sun/Desktop/unitree_ros2/unitree_ros2/unitree_legged_real/build/unitree_legged_real -- -j6 -l6
[0.093s] [ 16%] [32mBuilding CXX object CMakeFiles/walk_operator.dir/src/walk_operators.cpp.o[0m
[0.094s] [ 33%] [32mBuilding CXX object CMakeFiles/walk_instruction.dir/src/walk_instruction.cpp.o[0m
[0.097s] [ 50%] [32m[1mLinking CXX executable walk_client[0m
[0.178s] /usr/bin/ld: cannot find -lunitree_legged_sdk_amd64
[0.181s] collect2: error: ld returned 1 exit status
[0.182s] make[2]: *** [CMakeFiles/walk_client.dir/build.make:143: walk_client] Error 1
[0.182s] make[1]: *** [CMakeFiles/Makefile2:82: CMakeFiles/walk_client.dir/all] Error 2
[0.182s] make[1]: *** Waiting for unfinished jobs....
[0.597s] In file included from [01m[K/home/sun/unitree_legged_sdk/include/unitree_legged_sdk/unitree_legged_sdk.h:13[m[K,
[0.597s]                  from [01m[K/home/sun/Desktop/unitree_ros2/unitree_ros2/unitree_legged_real/src/walk_operators.cpp:11[m[K:
[0.597s] [01m[K/home/sun/unitree_legged_sdk/include/unitree_legged_sdk/lcm.h:10:10:[m[K [01;31m[Kfatal error: [m[Klcm/lcm-cpp.hpp: No such file or directory
[0.597s]    10 | #include [01;31m[K<lcm/lcm-cpp.hpp>[m[K
[0.598s]       |          [01;31m[K^~~~~~~~~~~~~~~~~[m[K
[0.598s] compilation terminated.
[0.598s] In file included from [01m[K/home/sun/unitree_legged_sdk/include/unitree_legged_sdk/unitree_legged_sdk.h:13[m[K,
[0.598s]                  from [01m[K/home/sun/Desktop/unitree_ros2/unitree_ros2/unitree_legged_real/src/walk_instruction.cpp:12[m[K:
[0.598s] [01m[K/home/sun/unitree_legged_sdk/include/unitree_legged_sdk/lcm.h:10:10:[m[K [01;31m[Kfatal error: [m[Klcm/lcm-cpp.hpp: No such file or directory
[0.598s]    10 | #include [01;31m[K<lcm/lcm-cpp.hpp>[m[K
[0.599s]       |          [01;31m[K^~~~~~~~~~~~~~~~~[m[K
[0.599s] compilation terminated.
[0.603s] make[2]: *** [CMakeFiles/walk_operator.dir/build.make:63: CMakeFiles/walk_operator.dir/src/walk_operators.cpp.o] Error 1
[0.610s] make[1]: *** [CMakeFiles/Makefile2:136: CMakeFiles/walk_operator.dir/all] Error 2
[0.610s] make[2]: *** [CMakeFiles/walk_instruction.dir/build.make:63: CMakeFiles/walk_instruction.dir/src/walk_instruction.cpp.o] Error 1
[0.610s] make[1]: *** [CMakeFiles/Makefile2:109: CMakeFiles/walk_instruction.dir/all] Error 2
[0.611s] make: *** [Makefile:141: all] Error 2
[0.611s] Invoked command in '/home/sun/Desktop/unitree_ros2/unitree_ros2/unitree_legged_real/build/unitree_legged_real' returned '2': CMAKE_PREFIX_PATH=${CMAKE_PREFIX_PATH}:/home/sun/turtlebot3_ws/install/turtlebot3_teleop:/home/sun/turtlebot3_ws/install/turtlebot3_example:/home/sun/navigation2/src/install/opencv_tests:/home/sun/navigation2/src/install/nav2_gazebo_spawner:/opt/ros/foxy /usr/bin/cmake --build /home/sun/Desktop/unitree_ros2/unitree_ros2/unitree_legged_real/build/unitree_legged_real -- -j6 -l6
